<?xml version="1.0" encoding="UTF-8"?>
<testsuite name="hbn.SQLSourceHelperTest" time="0.231" tests="9" errors="0" skipped="0" failures="0">
  <properties>
[...]
</properties>
  <testcase name="getQuery" classname="hbn.SQLSourceHelperTest" time="0.198"/>
  <testcase name="createDirectory" classname="hbn.SQLSourceHelperTest" time="0.001"/>
  <testcase name="getCurrentIndex" classname="hbn.SQLSourceHelperTest" time="0.004"/>
  <testcase name="setCurrentIndex" classname="hbn.SQLSourceHelperTest" time="0.007"/>
  <testcase name="getBatchSize" classname="hbn.SQLSourceHelperTest" time="0.002"/>
  <testcase name="getCustomQuery" classname="hbn.SQLSourceHelperTest" time="0.003"/>
  <testcase name="chekGetAllRows" classname="hbn.SQLSourceHelperTest" time="0.009"/>
  <testcase name="checkStatusFileCorrectlyCreated" classname="hbn.SQLSourceHelperTest" time="0.005"/>
  <testcase name="checkStatusFileCorrectlyUpdated" classname="hbn.SQLSourceHelperTest" time="0.002"/>
</testsuite>